<?xml version="1.0" encoding="UTF-8"?>
<!-- Generated by org.testng.reporters.JUnitReportReporter -->
<testsuite hostname="Ravi-PC" name="org.ravikiran.selenium.SeleniumJenkins.FirstJenkins" tests="1" failures="0" timestamp="22 Aug 2020 16:33:20 GMT" time="2.497" errors="0">
  <testcase name="verifyGooglePageTittle" time="2.497" classname="org.ravikiran.selenium.SeleniumJenkins.FirstJenkins"/>
</testsuite> <!-- org.ravikiran.selenium.SeleniumJenkins.FirstJenkins -->
